Plotting muon_py from background.
TTJets_DiLept_ntuple_0.root
nentries=2877869
count=0
count=500000
count=1000000
count=1500000
count=2000000
count=2500000
TTJets_DiLept_ntuple_100.root
nentries=561748
count=0
count=500000
TTJets_DiLept_ntuple_120.root
nentries=593405
count=0
count=500000
TTJets_DiLept_ntuple_140.root
nentries=504642
count=0
count=500000
TTJets_DiLept_ntuple_160.root
nentries=473813
count=0
TTJets_DiLept_ntuple_180.root
nentries=646479
count=0
count=500000
TTJets_DiLept_ntuple_20.root
nentries=3436652
count=0
count=500000
count=1000000
count=1500000
count=2000000
count=2500000
count=3000000
TTJets_DiLept_ntuple_200.root
nentries=659056
count=0
count=500000
TTJets_DiLept_ntuple_220.root
nentries=534596
count=0
count=500000
TTJets_DiLept_ntuple_240.root
nentries=595868
count=0
count=500000
TTJets_DiLept_ntuple_260.root
nentries=578306
count=0
count=500000
TTJets_DiLept_ntuple_280.root
nentries=586514
count=0
count=500000
TTJets_DiLept_ntuple_300.root
nentries=508728
count=0
count=500000
TTJets_DiLept_ntuple_320.root
nentries=506363
count=0
count=500000
TTJets_DiLept_ntuple_340.root
nentries=504239
count=0
count=500000
TTJets_DiLept_ntuple_360.root
nentries=669530
count=0
count=500000
TTJets_DiLept_ntuple_380.root
nentries=534092
count=0
count=500000
TTJets_DiLept_ntuple_40.root
nentries=2370443
count=0
count=500000
count=1000000
count=1500000
count=2000000
TTJets_DiLept_ntuple_400.root
nentries=599571
count=0
count=500000
TTJets_DiLept_ntuple_420.root
nentries=515126
count=0
count=500000
TTJets_DiLept_ntuple_440.root
nentries=555809
count=0
count=500000
TTJets_DiLept_ntuple_460.root
nentries=582590
count=0
count=500000
TTJets_DiLept_ntuple_480.root
nentries=522054
count=0
count=500000
TTJets_DiLept_ntuple_500.root
nentries=581451
count=0
count=500000
TTJets_DiLept_ntuple_520.root
nentries=50463
count=0
TTJets_DiLept_ntuple_60.root
nentries=736357
count=0
count=500000
TTJets_DiLept_ntuple_80.root
nentries=625857
count=0
count=500000
4.25969931962e-06
Plotting muon_py.
Plotting muon_py, normalized to lumi.
Saving image.
Done.
