000 (2666326.000.000) 04/30 04:44:04 Job submitted from host: <137.138.76.70:9618?addrs=137.138.76.70-9618+[2001-1458-d00-1c--49]-9618&noUDP&sock=12562_10cc_15>
...
001 (2666326.000.000) 04/30 04:45:24 Job executing on host: <188.184.142.18:9618?addrs=188.184.142.18-9618+[2001-1458-301-46--100-c]-9618&noUDP&sock=19576_1612_3>
...
006 (2666326.000.000) 04/30 04:45:32 Image size of job updated: 182320
	117  -  MemoryUsage of job (MB)
	119084  -  ResidentSetSize of job (KB)
...
006 (2666326.000.000) 04/30 04:50:32 Image size of job updated: 209240
	143  -  MemoryUsage of job (MB)
	146000  -  ResidentSetSize of job (KB)
...
006 (2666326.000.000) 04/30 04:55:33 Image size of job updated: 209492
	143  -  MemoryUsage of job (MB)
	146000  -  ResidentSetSize of job (KB)
...
005 (2666326.000.000) 04/30 04:57:54 Job terminated.
	(1) Normal termination (return value 0)
		Usr 0 00:11:33, Sys 0 00:00:16  -  Run Remote Usage
		Usr 0 00:00:00, Sys 0 00:00:00  -  Run Local Usage
		Usr 0 00:11:33, Sys 0 00:00:16  -  Total Remote Usage
		Usr 0 00:00:00, Sys 0 00:00:00  -  Total Local Usage
	21905  -  Run Bytes Sent By Job
	5157  -  Run Bytes Received By Job
	21905  -  Total Bytes Sent By Job
	5157  -  Total Bytes Received By Job
	Partitionable Resources :    Usage  Request Allocated
	   Cpus                 :                 1         1
	   Disk (KB)            :       39        7   2068296
	   Memory (MB)          :      143     2000      2000
...
