000 (2666385.000.000) 04/30 04:45:23 Job submitted from host: <137.138.76.70:9618?addrs=137.138.76.70-9618+[2001-1458-d00-1c--49]-9618&noUDP&sock=12562_10cc_15>
...
001 (2666385.000.000) 04/30 04:45:47 Job executing on host: <188.184.190.197:9618?addrs=188.184.190.197-9618+[2001-1458-301-4b--100-aa]-9618&noUDP&sock=5616_aff6_3>
...
006 (2666385.000.000) 04/30 04:45:55 Image size of job updated: 182248
	117  -  MemoryUsage of job (MB)
	119020  -  ResidentSetSize of job (KB)
...
006 (2666385.000.000) 04/30 04:50:55 Image size of job updated: 182540
	117  -  MemoryUsage of job (MB)
	119308  -  ResidentSetSize of job (KB)
...
006 (2666385.000.000) 04/30 04:55:56 Image size of job updated: 182728
	117  -  MemoryUsage of job (MB)
	119496  -  ResidentSetSize of job (KB)
...
006 (2666385.000.000) 04/30 05:00:57 Image size of job updated: 213116
	147  -  MemoryUsage of job (MB)
	149884  -  ResidentSetSize of job (KB)
...
005 (2666385.000.000) 04/30 05:05:35 Job terminated.
	(1) Normal termination (return value 0)
		Usr 0 00:18:39, Sys 0 00:00:25  -  Run Remote Usage
		Usr 0 00:00:00, Sys 0 00:00:00  -  Run Local Usage
		Usr 0 00:18:39, Sys 0 00:00:25  -  Total Remote Usage
		Usr 0 00:00:00, Sys 0 00:00:00  -  Total Local Usage
	21643  -  Run Bytes Sent By Job
	5157  -  Run Bytes Received By Job
	21643  -  Total Bytes Sent By Job
	5157  -  Total Bytes Received By Job
	Partitionable Resources :    Usage  Request Allocated
	   Cpus                 :                 1         1
	   Disk (KB)            :       39        7   2809360
	   Memory (MB)          :      147     2000      2000
...
