000 (2666206.000.000) 04/30 04:41:43 Job submitted from host: <137.138.76.70:9618?addrs=137.138.76.70-9618+[2001-1458-d00-1c--49]-9618&noUDP&sock=12562_10cc_15>
...
001 (2666206.000.000) 04/30 04:44:32 Job executing on host: <188.184.139.216:9618?addrs=188.184.139.216-9618+[2001-1458-301-45--100-1ca]-9618&noUDP&sock=5725_73c9_3>
...
006 (2666206.000.000) 04/30 04:44:41 Image size of job updated: 131832
	117  -  MemoryUsage of job (MB)
	119020  -  ResidentSetSize of job (KB)
...
006 (2666206.000.000) 04/30 04:49:42 Image size of job updated: 132060
	117  -  MemoryUsage of job (MB)
	119248  -  ResidentSetSize of job (KB)
...
006 (2666206.000.000) 04/30 04:54:43 Image size of job updated: 159092
	143  -  MemoryUsage of job (MB)
	146280  -  ResidentSetSize of job (KB)
...
006 (2666206.000.000) 04/30 05:04:44 Image size of job updated: 162620
	147  -  MemoryUsage of job (MB)
	149808  -  ResidentSetSize of job (KB)
...
005 (2666206.000.000) 04/30 05:06:30 Job terminated.
	(1) Normal termination (return value 0)
		Usr 0 00:20:31, Sys 0 00:00:28  -  Run Remote Usage
		Usr 0 00:00:00, Sys 0 00:00:00  -  Run Local Usage
		Usr 0 00:20:31, Sys 0 00:00:28  -  Total Remote Usage
		Usr 0 00:00:00, Sys 0 00:00:00  -  Total Local Usage
	20135  -  Run Bytes Sent By Job
	5149  -  Run Bytes Received By Job
	20135  -  Total Bytes Sent By Job
	5149  -  Total Bytes Received By Job
	Partitionable Resources :    Usage  Request Allocated
	   Cpus                 :                 1         1
	   Disk (KB)            :       37        7   3262075
	   Memory (MB)          :      147     2000      2000
...
