000 (2708566.000.000) 04/30 22:11:06 Job submitted from host: <137.138.76.70:9618?addrs=137.138.76.70-9618+[2001-1458-d00-1c--49]-9618&noUDP&sock=12562_10cc_15>
...
001 (2708566.000.000) 04/30 22:23:31 Job executing on host: <188.184.213.47:9618?addrs=188.184.213.47-9618+[2001-1458-301-10c--100-108]-9618&noUDP&sock=5681_459e_3>
...
006 (2708566.000.000) 04/30 22:24:34 Image size of job updated: 119280
	117  -  MemoryUsage of job (MB)
	118976  -  ResidentSetSize of job (KB)
...
006 (2708566.000.000) 04/30 22:32:46 Image size of job updated: 184952
	181  -  MemoryUsage of job (MB)
	184648  -  ResidentSetSize of job (KB)
...
005 (2708566.000.000) 04/30 22:51:08 Job terminated.
	(1) Normal termination (return value 0)
		Usr 0 00:19:53, Sys 0 00:00:28  -  Run Remote Usage
		Usr 0 00:00:00, Sys 0 00:00:00  -  Run Local Usage
		Usr 0 00:19:53, Sys 0 00:00:28  -  Total Remote Usage
		Usr 0 00:00:00, Sys 0 00:00:00  -  Total Local Usage
	21166  -  Run Bytes Sent By Job
	5185  -  Run Bytes Received By Job
	21166  -  Total Bytes Sent By Job
	5185  -  Total Bytes Received By Job
	Partitionable Resources :    Usage  Request Allocated
	   Cpus                 :                 1         1
	   Disk (KB)            :       38        7   2871268
	   Memory (MB)          :      181     2000      2000
...
