000 (2666581.000.000) 04/30 04:48:51 Job submitted from host: <137.138.76.70:9618?addrs=137.138.76.70-9618+[2001-1458-d00-1c--49]-9618&noUDP&sock=12562_10cc_15>
...
001 (2666581.000.000) 04/30 04:49:32 Job executing on host: <188.184.197.145:9618?addrs=188.184.197.145-9618+[2001-1458-301-103--100-70]-9618&noUDP&sock=20292_33e1_3>
...
006 (2666581.000.000) 04/30 04:49:41 Image size of job updated: 182272
	117  -  MemoryUsage of job (MB)
	119056  -  ResidentSetSize of job (KB)
...
006 (2666581.000.000) 04/30 04:54:42 Image size of job updated: 255592
	188  -  MemoryUsage of job (MB)
	192372  -  ResidentSetSize of job (KB)
...
005 (2666581.000.000) 04/30 05:03:31 Job terminated.
	(1) Normal termination (return value 0)
		Usr 0 00:12:23, Sys 0 00:00:25  -  Run Remote Usage
		Usr 0 00:00:00, Sys 0 00:00:00  -  Run Local Usage
		Usr 0 00:12:23, Sys 0 00:00:25  -  Total Remote Usage
		Usr 0 00:00:00, Sys 0 00:00:00  -  Total Local Usage
	21695  -  Run Bytes Sent By Job
	5154  -  Run Bytes Received By Job
	21695  -  Total Bytes Sent By Job
	5154  -  Total Bytes Received By Job
	Partitionable Resources :    Usage  Request Allocated
	   Cpus                 :                 1         1
	   Disk (KB)            :       39        7   1820672
	   Memory (MB)          :      188     2000      2000
...
